[09/04/2019 00:07] WARNING client __init__ 137: PyNaCl is not installed, voice will NOT be supported
[09/04/2019 00:07] INFO client login 345: logging in using static token
[09/04/2019 00:07] INFO gateway from_client 214: Created websocket connected to wss://gateway.discord.gg?encoding=json&v=6&compress=zlib-stream
[09/04/2019 00:07] INFO gateway identify 293: Shard ID None has sent the IDENTIFY payload.
[09/04/2019 00:07] INFO gateway received_message 384: Shard ID None has connected to Gateway: gateway-prd-main-65f5, discord-sessions-prd-1-18 (Session ID: b0b21cc70aa9b7113e79223dfc607d79).
[09/04/2019 00:07] WARNING gateway received_message 396: Unknown event SESSIONS_REPLACE.
[09/04/2019 00:07] INFO state parse_guild_members_chunk 774: Processed a chunk for 1000 members in guild ID 41771983423143937.
[09/04/2019 00:07] INFO state parse_guild_members_chunk 774: Processed a chunk for 1000 members in guild ID 41771983423143937.
[09/04/2019 00:07] INFO state parse_guild_members_chunk 774: Processed a chunk for 1000 members in guild ID 41771983423143937.
[09/04/2019 00:07] INFO state parse_guild_members_chunk 774: Processed a chunk for 1000 members in guild ID 41771983423143937.
[09/04/2019 00:07] INFO state parse_guild_members_chunk 774: Processed a chunk for 1000 members in guild ID 41771983423143937.
[09/04/2019 00:07] INFO state parse_guild_members_chunk 774: Processed a chunk for 1000 members in guild ID 41771983423143937.
[09/04/2019 00:07] INFO state parse_guild_members_chunk 774: Processed a chunk for 1000 members in guild ID 41771983423143937.
[09/04/2019 00:07] INFO state parse_guild_members_chunk 774: Processed a chunk for 1000 members in guild ID 41771983423143937.
[09/04/2019 00:07] INFO state parse_guild_members_chunk 774: Processed a chunk for 1000 members in guild ID 41771983423143937.
[09/04/2019 00:07] INFO state parse_guild_members_chunk 774: Processed a chunk for 1000 members in guild ID 41771983423143937.
[09/04/2019 00:07] INFO state parse_guild_members_chunk 774: Processed a chunk for 1000 members in guild ID 41771983423143937.
[09/04/2019 00:07] INFO state parse_guild_members_chunk 774: Processed a chunk for 1000 members in guild ID 41771983423143937.
[09/04/2019 00:07] INFO state parse_guild_members_chunk 774: Processed a chunk for 1000 members in guild ID 41771983423143937.
[09/04/2019 00:07] INFO state parse_guild_members_chunk 774: Processed a chunk for 1000 members in guild ID 41771983423143937.
[09/04/2019 00:07] INFO state parse_guild_members_chunk 774: Processed a chunk for 1000 members in guild ID 41771983423143937.
[09/04/2019 00:07] INFO state parse_guild_members_chunk 774: Processed a chunk for 1000 members in guild ID 41771983423143937.
[09/04/2019 00:07] INFO state parse_guild_members_chunk 774: Processed a chunk for 1000 members in guild ID 41771983423143937.
[09/04/2019 00:07] INFO state parse_guild_members_chunk 774: Processed a chunk for 1000 members in guild ID 41771983423143937.
[09/04/2019 00:07] INFO state parse_guild_members_chunk 774: Processed a chunk for 1000 members in guild ID 41771983423143937.
[09/04/2019 00:07] INFO state parse_guild_members_chunk 774: Processed a chunk for 1000 members in guild ID 41771983423143937.
[09/04/2019 00:07] INFO state parse_guild_members_chunk 774: Processed a chunk for 1000 members in guild ID 41771983423143937.
[09/04/2019 00:07] INFO state parse_guild_members_chunk 774: Processed a chunk for 1000 members in guild ID 41771983423143937.
[09/04/2019 00:07] INFO state parse_guild_members_chunk 774: Processed a chunk for 1000 members in guild ID 41771983423143937.
[09/04/2019 00:07] INFO state parse_guild_members_chunk 774: Processed a chunk for 1000 members in guild ID 41771983423143937.
[09/04/2019 00:07] INFO state parse_guild_members_chunk 774: Processed a chunk for 1000 members in guild ID 41771983423143937.
[09/04/2019 00:07] INFO state parse_guild_members_chunk 774: Processed a chunk for 1000 members in guild ID 41771983423143937.
[09/04/2019 00:07] INFO state parse_guild_members_chunk 774: Processed a chunk for 1000 members in guild ID 41771983423143937.
[09/04/2019 00:07] INFO state parse_guild_members_chunk 774: Processed a chunk for 1000 members in guild ID 41771983423143937.
[09/04/2019 00:07] INFO state parse_guild_members_chunk 774: Processed a chunk for 1000 members in guild ID 41771983423143937.
[09/04/2019 00:07] INFO state parse_guild_members_chunk 774: Processed a chunk for 1000 members in guild ID 41771983423143937.
[09/04/2019 00:07] INFO state parse_guild_members_chunk 774: Processed a chunk for 1000 members in guild ID 41771983423143937.
[09/04/2019 00:07] INFO state parse_guild_members_chunk 774: Processed a chunk for 1000 members in guild ID 41771983423143937.
[09/04/2019 00:07] INFO state parse_guild_members_chunk 774: Processed a chunk for 1000 members in guild ID 41771983423143937.
[09/04/2019 00:07] INFO state parse_guild_members_chunk 774: Processed a chunk for 1000 members in guild ID 41771983423143937.
[09/04/2019 00:07] INFO state parse_guild_members_chunk 774: Processed a chunk for 1000 members in guild ID 41771983423143937.
[09/04/2019 00:07] INFO state parse_guild_members_chunk 774: Processed a chunk for 1000 members in guild ID 41771983423143937.
[09/04/2019 00:07] INFO state parse_guild_members_chunk 774: Processed a chunk for 1000 members in guild ID 41771983423143937.
[09/04/2019 00:07] INFO state parse_guild_members_chunk 774: Processed a chunk for 1000 members in guild ID 41771983423143937.
[09/04/2019 00:07] INFO state parse_guild_members_chunk 774: Processed a chunk for 1000 members in guild ID 41771983423143937.
[09/04/2019 00:07] INFO state parse_guild_members_chunk 774: Processed a chunk for 1000 members in guild ID 41771983423143937.
[09/04/2019 00:07] INFO state parse_guild_members_chunk 774: Processed a chunk for 1000 members in guild ID 41771983423143937.
[09/04/2019 00:07] INFO state parse_guild_members_chunk 774: Processed a chunk for 1000 members in guild ID 41771983423143937.
[09/04/2019 00:07] INFO state parse_guild_members_chunk 774: Processed a chunk for 1000 members in guild ID 41771983423143937.
[09/04/2019 00:07] INFO state parse_guild_members_chunk 774: Processed a chunk for 1000 members in guild ID 41771983423143937.
[09/04/2019 00:07] INFO state parse_guild_members_chunk 774: Processed a chunk for 1000 members in guild ID 41771983423143937.
[09/04/2019 00:07] INFO state parse_guild_members_chunk 774: Processed a chunk for 1000 members in guild ID 41771983423143937.
[09/04/2019 00:07] INFO state parse_guild_members_chunk 774: Processed a chunk for 1000 members in guild ID 41771983423143937.
[09/04/2019 00:07] INFO state parse_guild_members_chunk 774: Processed a chunk for 1000 members in guild ID 41771983423143937.
[09/04/2019 00:07] INFO state parse_guild_members_chunk 774: Processed a chunk for 1000 members in guild ID 41771983423143937.
[09/04/2019 00:07] INFO state parse_guild_members_chunk 774: Processed a chunk for 1000 members in guild ID 41771983423143937.
[09/04/2019 00:07] INFO state parse_guild_members_chunk 774: Processed a chunk for 1000 members in guild ID 41771983423143937.
[09/04/2019 00:07] INFO state parse_guild_members_chunk 774: Processed a chunk for 1000 members in guild ID 41771983423143937.
[09/04/2019 00:07] INFO state parse_guild_members_chunk 774: Processed a chunk for 1000 members in guild ID 41771983423143937.
[09/04/2019 00:07] INFO state parse_guild_members_chunk 774: Processed a chunk for 1000 members in guild ID 41771983423143937.
[09/04/2019 00:07] INFO state parse_guild_members_chunk 774: Processed a chunk for 1000 members in guild ID 41771983423143937.
[09/04/2019 00:07] INFO state parse_guild_members_chunk 774: Processed a chunk for 1000 members in guild ID 41771983423143937.
[09/04/2019 00:07] INFO state parse_guild_members_chunk 774: Processed a chunk for 1000 members in guild ID 41771983423143937.
[09/04/2019 00:07] INFO state parse_guild_members_chunk 774: Processed a chunk for 1000 members in guild ID 41771983423143937.
[09/04/2019 00:07] INFO state parse_guild_members_chunk 774: Processed a chunk for 1000 members in guild ID 41771983423143937.
[09/04/2019 00:07] INFO state parse_guild_members_chunk 774: Processed a chunk for 1000 members in guild ID 41771983423143937.
[09/04/2019 00:07] INFO state parse_guild_members_chunk 774: Processed a chunk for 1000 members in guild ID 41771983423143937.
[09/04/2019 00:07] INFO state parse_guild_members_chunk 774: Processed a chunk for 1000 members in guild ID 41771983423143937.
[09/04/2019 00:07] INFO state parse_guild_members_chunk 774: Processed a chunk for 1000 members in guild ID 41771983423143937.
[09/04/2019 00:07] INFO state parse_guild_members_chunk 774: Processed a chunk for 1000 members in guild ID 41771983423143937.
[09/04/2019 00:07] INFO state parse_guild_members_chunk 774: Processed a chunk for 1000 members in guild ID 41771983423143937.
[09/04/2019 00:07] INFO state parse_guild_members_chunk 774: Processed a chunk for 1000 members in guild ID 41771983423143937.
[09/04/2019 00:07] INFO state parse_guild_members_chunk 774: Processed a chunk for 1000 members in guild ID 41771983423143937.
[09/04/2019 00:07] INFO state parse_guild_members_chunk 774: Processed a chunk for 1000 members in guild ID 41771983423143937.
[09/04/2019 00:07] INFO state parse_guild_members_chunk 774: Processed a chunk for 1000 members in guild ID 41771983423143937.
[09/04/2019 00:07] INFO state parse_guild_members_chunk 774: Processed a chunk for 1000 members in guild ID 41771983423143937.
[09/04/2019 00:07] INFO state parse_guild_members_chunk 774: Processed a chunk for 1000 members in guild ID 41771983423143937.
[09/04/2019 00:07] INFO state parse_guild_members_chunk 774: Processed a chunk for 1000 members in guild ID 41771983423143937.
[09/04/2019 00:07] INFO state parse_guild_members_chunk 774: Processed a chunk for 1000 members in guild ID 41771983423143937.
[09/04/2019 00:07] INFO state parse_guild_members_chunk 774: Processed a chunk for 1000 members in guild ID 41771983423143937.
[09/04/2019 00:07] INFO state parse_guild_members_chunk 774: Processed a chunk for 1000 members in guild ID 41771983423143937.
[09/04/2019 00:07] INFO state parse_guild_members_chunk 774: Processed a chunk for 1000 members in guild ID 41771983423143937.
[09/04/2019 00:07] INFO state parse_guild_members_chunk 774: Processed a chunk for 1000 members in guild ID 41771983423143937.
[09/04/2019 00:07] INFO state parse_guild_members_chunk 774: Processed a chunk for 1000 members in guild ID 41771983423143937.
[09/04/2019 00:07] INFO state parse_guild_members_chunk 774: Processed a chunk for 1000 members in guild ID 41771983423143937.
[09/04/2019 00:07] INFO state parse_guild_members_chunk 774: Processed a chunk for 1000 members in guild ID 41771983423143937.
[09/04/2019 00:07] INFO state parse_guild_members_chunk 774: Processed a chunk for 1000 members in guild ID 41771983423143937.
[09/04/2019 00:07] INFO state parse_guild_members_chunk 774: Processed a chunk for 1000 members in guild ID 41771983423143937.
[09/04/2019 00:07] INFO state parse_guild_members_chunk 774: Processed a chunk for 1000 members in guild ID 41771983423143937.
[09/04/2019 00:07] INFO state parse_guild_members_chunk 774: Processed a chunk for 1000 members in guild ID 41771983423143937.
[09/04/2019 00:07] INFO state parse_guild_members_chunk 774: Processed a chunk for 1000 members in guild ID 41771983423143937.
[09/04/2019 00:07] INFO state parse_guild_members_chunk 774: Processed a chunk for 1000 members in guild ID 41771983423143937.
[09/04/2019 00:07] INFO state parse_guild_members_chunk 774: Processed a chunk for 1000 members in guild ID 41771983423143937.
[09/04/2019 00:07] INFO state parse_guild_members_chunk 774: Processed a chunk for 1000 members in guild ID 41771983423143937.
[09/04/2019 00:07] INFO state parse_guild_members_chunk 774: Processed a chunk for 1000 members in guild ID 41771983423143937.
[09/04/2019 00:07] INFO state parse_guild_members_chunk 774: Processed a chunk for 1000 members in guild ID 41771983423143937.
[09/04/2019 00:07] INFO state parse_guild_members_chunk 774: Processed a chunk for 1000 members in guild ID 41771983423143937.
[09/04/2019 00:07] INFO state parse_guild_members_chunk 774: Processed a chunk for 1000 members in guild ID 41771983423143937.
[09/04/2019 00:07] INFO state parse_guild_members_chunk 774: Processed a chunk for 1000 members in guild ID 41771983423143937.
[09/04/2019 00:07] INFO state parse_guild_members_chunk 774: Processed a chunk for 1000 members in guild ID 41771983423143937.
[09/04/2019 00:07] INFO state parse_guild_members_chunk 774: Processed a chunk for 1000 members in guild ID 41771983423143937.
[09/04/2019 00:07] INFO state parse_guild_members_chunk 774: Processed a chunk for 1000 members in guild ID 41771983423143937.
[09/04/2019 00:07] INFO state parse_guild_members_chunk 774: Processed a chunk for 1000 members in guild ID 41771983423143937.
[09/04/2019 00:07] INFO state parse_guild_members_chunk 774: Processed a chunk for 1000 members in guild ID 41771983423143937.
[09/04/2019 00:07] INFO state parse_guild_members_chunk 774: Processed a chunk for 1000 members in guild ID 41771983423143937.
[09/04/2019 00:07] INFO state parse_guild_members_chunk 774: Processed a chunk for 1000 members in guild ID 41771983423143937.
[09/04/2019 00:07] INFO state parse_guild_members_chunk 774: Processed a chunk for 1000 members in guild ID 41771983423143937.
[09/04/2019 00:07] INFO state parse_guild_members_chunk 774: Processed a chunk for 1000 members in guild ID 41771983423143937.
[09/04/2019 00:07] INFO state parse_guild_members_chunk 774: Processed a chunk for 1000 members in guild ID 41771983423143937.
[09/04/2019 00:07] INFO state parse_guild_members_chunk 774: Processed a chunk for 1000 members in guild ID 41771983423143937.
[09/04/2019 00:07] INFO state parse_guild_members_chunk 774: Processed a chunk for 1000 members in guild ID 41771983423143937.
[09/04/2019 00:07] INFO state parse_guild_members_chunk 774: Processed a chunk for 1000 members in guild ID 41771983423143937.
[09/04/2019 00:07] INFO state parse_guild_members_chunk 774: Processed a chunk for 1000 members in guild ID 41771983423143937.
[09/04/2019 00:07] INFO state parse_guild_members_chunk 774: Processed a chunk for 1000 members in guild ID 41771983423143937.
[09/04/2019 00:07] INFO state parse_guild_members_chunk 774: Processed a chunk for 1000 members in guild ID 41771983423143937.
[09/04/2019 00:07] INFO state parse_guild_members_chunk 774: Processed a chunk for 1000 members in guild ID 41771983423143937.
[09/04/2019 00:07] INFO state parse_guild_members_chunk 774: Processed a chunk for 1000 members in guild ID 41771983423143937.
[09/04/2019 00:07] INFO state parse_guild_members_chunk 774: Processed a chunk for 1000 members in guild ID 41771983423143937.
[09/04/2019 00:07] INFO state parse_guild_members_chunk 774: Processed a chunk for 1000 members in guild ID 41771983423143937.
[09/04/2019 00:07] INFO state parse_guild_members_chunk 774: Processed a chunk for 1000 members in guild ID 41771983423143937.
[09/04/2019 00:07] INFO state parse_guild_members_chunk 774: Processed a chunk for 1000 members in guild ID 41771983423143937.
[09/04/2019 00:07] INFO state parse_guild_members_chunk 774: Processed a chunk for 1000 members in guild ID 41771983423143937.
[09/04/2019 00:07] INFO state parse_guild_members_chunk 774: Processed a chunk for 1000 members in guild ID 41771983423143937.
[09/04/2019 00:07] INFO state parse_guild_members_chunk 774: Processed a chunk for 1000 members in guild ID 41771983423143937.
[09/04/2019 00:07] INFO state parse_guild_members_chunk 774: Processed a chunk for 1000 members in guild ID 41771983423143937.
[09/04/2019 00:07] INFO state parse_guild_members_chunk 774: Processed a chunk for 1000 members in guild ID 41771983423143937.
[09/04/2019 00:07] INFO state parse_guild_members_chunk 774: Processed a chunk for 1000 members in guild ID 41771983423143937.
[09/04/2019 00:07] INFO state parse_guild_members_chunk 774: Processed a chunk for 1000 members in guild ID 41771983423143937.
[09/04/2019 00:07] INFO state parse_guild_members_chunk 774: Processed a chunk for 1000 members in guild ID 41771983423143937.
[09/04/2019 00:07] INFO state parse_guild_members_chunk 774: Processed a chunk for 1000 members in guild ID 41771983423143937.
[09/04/2019 00:07] INFO state parse_guild_members_chunk 774: Processed a chunk for 1000 members in guild ID 41771983423143937.
[09/04/2019 00:07] INFO state parse_guild_members_chunk 774: Processed a chunk for 1000 members in guild ID 41771983423143937.
[09/04/2019 00:07] INFO state parse_guild_members_chunk 774: Processed a chunk for 1000 members in guild ID 41771983423143937.
[09/04/2019 00:07] INFO state parse_guild_members_chunk 774: Processed a chunk for 1000 members in guild ID 41771983423143937.
[09/04/2019 00:07] INFO state parse_guild_members_chunk 774: Processed a chunk for 1000 members in guild ID 41771983423143937.
[09/04/2019 00:07] INFO state parse_guild_members_chunk 774: Processed a chunk for 1000 members in guild ID 41771983423143937.
[09/04/2019 00:07] INFO state parse_guild_members_chunk 774: Processed a chunk for 1000 members in guild ID 41771983423143937.
[09/04/2019 00:07] INFO state parse_guild_members_chunk 774: Processed a chunk for 1000 members in guild ID 41771983423143937.
[09/04/2019 00:07] INFO state parse_guild_members_chunk 774: Processed a chunk for 1000 members in guild ID 41771983423143937.
[09/04/2019 00:07] INFO state parse_guild_members_chunk 774: Processed a chunk for 1000 members in guild ID 41771983423143937.
[09/04/2019 00:07] INFO state parse_guild_members_chunk 774: Processed a chunk for 1000 members in guild ID 41771983423143937.
[09/04/2019 00:07] INFO state parse_guild_members_chunk 774: Processed a chunk for 1000 members in guild ID 41771983423143937.
[09/04/2019 00:07] INFO state parse_guild_members_chunk 774: Processed a chunk for 1000 members in guild ID 41771983423143937.
[09/04/2019 00:07] INFO state parse_guild_members_chunk 774: Processed a chunk for 1000 members in guild ID 41771983423143937.
[09/04/2019 00:07] INFO state parse_guild_members_chunk 774: Processed a chunk for 1000 members in guild ID 41771983423143937.
[09/04/2019 00:07] INFO state parse_guild_members_chunk 774: Processed a chunk for 1000 members in guild ID 41771983423143937.
[09/04/2019 00:07] INFO state parse_guild_members_chunk 774: Processed a chunk for 1000 members in guild ID 41771983423143937.
[09/04/2019 00:07] INFO state parse_guild_members_chunk 774: Processed a chunk for 1000 members in guild ID 41771983423143937.
[09/04/2019 00:07] INFO state parse_guild_members_chunk 774: Processed a chunk for 1000 members in guild ID 41771983423143937.
[09/04/2019 00:07] INFO state parse_guild_members_chunk 774: Processed a chunk for 1000 members in guild ID 41771983423143937.
[09/04/2019 00:07] INFO state parse_guild_members_chunk 774: Processed a chunk for 1000 members in guild ID 41771983423143937.
[09/04/2019 00:07] INFO state parse_guild_members_chunk 774: Processed a chunk for 1000 members in guild ID 41771983423143937.
[09/04/2019 00:07] INFO state parse_guild_members_chunk 774: Processed a chunk for 1000 members in guild ID 41771983423143937.
[09/04/2019 00:07] INFO state parse_guild_members_chunk 774: Processed a chunk for 1000 members in guild ID 41771983423143937.
[09/04/2019 00:07] INFO state parse_guild_members_chunk 774: Processed a chunk for 1000 members in guild ID 41771983423143937.
[09/04/2019 00:07] INFO state parse_guild_members_chunk 774: Processed a chunk for 1000 members in guild ID 41771983423143937.
[09/04/2019 00:07] INFO state parse_guild_members_chunk 774: Processed a chunk for 1000 members in guild ID 41771983423143937.
[09/04/2019 00:07] INFO state parse_guild_members_chunk 774: Processed a chunk for 1000 members in guild ID 41771983423143937.
[09/04/2019 00:07] INFO state parse_guild_members_chunk 774: Processed a chunk for 1000 members in guild ID 41771983423143937.
[09/04/2019 00:07] INFO state parse_guild_members_chunk 774: Processed a chunk for 1000 members in guild ID 41771983423143937.
[09/04/2019 00:07] INFO state parse_guild_members_chunk 774: Processed a chunk for 1000 members in guild ID 41771983423143937.
[09/04/2019 00:07] INFO state parse_guild_members_chunk 774: Processed a chunk for 1000 members in guild ID 41771983423143937.
[09/04/2019 00:07] INFO state parse_guild_members_chunk 774: Processed a chunk for 1000 members in guild ID 41771983423143937.
[09/04/2019 00:07] INFO state parse_guild_members_chunk 774: Processed a chunk for 1000 members in guild ID 41771983423143937.
[09/04/2019 00:07] INFO state parse_guild_members_chunk 774: Processed a chunk for 1000 members in guild ID 41771983423143937.
[09/04/2019 00:07] INFO state parse_guild_members_chunk 774: Processed a chunk for 1000 members in guild ID 41771983423143937.
[09/04/2019 00:07] INFO state parse_guild_members_chunk 774: Processed a chunk for 1000 members in guild ID 41771983423143937.
[09/04/2019 00:07] INFO state parse_guild_members_chunk 774: Processed a chunk for 1000 members in guild ID 41771983423143937.
[09/04/2019 00:07] INFO state parse_guild_members_chunk 774: Processed a chunk for 1000 members in guild ID 41771983423143937.
[09/04/2019 00:07] INFO state parse_guild_members_chunk 774: Processed a chunk for 1000 members in guild ID 41771983423143937.
[09/04/2019 00:07] INFO state parse_guild_members_chunk 774: Processed a chunk for 1000 members in guild ID 41771983423143937.
[09/04/2019 00:07] INFO state parse_guild_members_chunk 774: Processed a chunk for 1000 members in guild ID 41771983423143937.
[09/04/2019 00:07] INFO state parse_guild_members_chunk 774: Processed a chunk for 1000 members in guild ID 41771983423143937.
[09/04/2019 00:07] INFO state parse_guild_members_chunk 774: Processed a chunk for 1000 members in guild ID 41771983423143937.
[09/04/2019 00:07] INFO state parse_guild_members_chunk 774: Processed a chunk for 1000 members in guild ID 41771983423143937.
[09/04/2019 00:07] INFO state parse_guild_members_chunk 774: Processed a chunk for 1000 members in guild ID 41771983423143937.
[09/04/2019 00:07] INFO state parse_guild_members_chunk 774: Processed a chunk for 1000 members in guild ID 41771983423143937.
[09/04/2019 00:07] INFO state parse_guild_members_chunk 774: Processed a chunk for 1000 members in guild ID 41771983423143937.
[09/04/2019 00:07] INFO state parse_guild_members_chunk 774: Processed a chunk for 1000 members in guild ID 41771983423143937.
[09/04/2019 00:07] INFO state parse_guild_members_chunk 774: Processed a chunk for 1000 members in guild ID 41771983423143937.
[09/04/2019 00:07] INFO state parse_guild_members_chunk 774: Processed a chunk for 1000 members in guild ID 41771983423143937.
[09/04/2019 00:07] INFO state parse_guild_members_chunk 774: Processed a chunk for 1000 members in guild ID 41771983423143937.
[09/04/2019 00:07] INFO state parse_guild_members_chunk 774: Processed a chunk for 330 members in guild ID 41771983423143937.
[09/04/2019 00:07] INFO state parse_guild_members_chunk 774: Processed a chunk for 1000 members in guild ID 135187468122193920.
[09/04/2019 00:07] INFO state parse_guild_members_chunk 774: Processed a chunk for 1000 members in guild ID 135187468122193920.
[09/04/2019 00:07] INFO state parse_guild_members_chunk 774: Processed a chunk for 1000 members in guild ID 135187468122193920.
[09/04/2019 00:07] INFO state parse_guild_members_chunk 774: Processed a chunk for 1000 members in guild ID 135187468122193920.
[09/04/2019 00:07] INFO state parse_guild_members_chunk 774: Processed a chunk for 1000 members in guild ID 135187468122193920.
[09/04/2019 00:07] INFO state parse_guild_members_chunk 774: Processed a chunk for 1000 members in guild ID 135187468122193920.
[09/04/2019 00:07] INFO state parse_guild_members_chunk 774: Processed a chunk for 1000 members in guild ID 135187468122193920.
[09/04/2019 00:07] INFO state parse_guild_members_chunk 774: Processed a chunk for 1000 members in guild ID 135187468122193920.
[09/04/2019 00:07] INFO state parse_guild_members_chunk 774: Processed a chunk for 1000 members in guild ID 135187468122193920.
[09/04/2019 00:07] INFO state parse_guild_members_chunk 774: Processed a chunk for 1000 members in guild ID 135187468122193920.
[09/04/2019 00:07] INFO state parse_guild_members_chunk 774: Processed a chunk for 1000 members in guild ID 135187468122193920.
[09/04/2019 00:07] INFO state parse_guild_members_chunk 774: Processed a chunk for 1000 members in guild ID 135187468122193920.
[09/04/2019 00:07] INFO state parse_guild_members_chunk 774: Processed a chunk for 1000 members in guild ID 135187468122193920.
[09/04/2019 00:07] INFO state parse_guild_members_chunk 774: Processed a chunk for 1000 members in guild ID 135187468122193920.
[09/04/2019 00:07] INFO state parse_guild_members_chunk 774: Processed a chunk for 1000 members in guild ID 135187468122193920.
[09/04/2019 00:07] INFO state parse_guild_members_chunk 774: Processed a chunk for 1000 members in guild ID 135187468122193920.
[09/04/2019 00:07] INFO state parse_guild_members_chunk 774: Processed a chunk for 1000 members in guild ID 135187468122193920.
[09/04/2019 00:07] INFO state parse_guild_members_chunk 774: Processed a chunk for 1000 members in guild ID 135187468122193920.
[09/04/2019 00:07] INFO state parse_guild_members_chunk 774: Processed a chunk for 1000 members in guild ID 135187468122193920.
[09/04/2019 00:07] INFO state parse_guild_members_chunk 774: Processed a chunk for 1000 members in guild ID 135187468122193920.
[09/04/2019 00:07] INFO state parse_guild_members_chunk 774: Processed a chunk for 1000 members in guild ID 135187468122193920.
[09/04/2019 00:07] INFO state parse_guild_members_chunk 774: Processed a chunk for 1000 members in guild ID 135187468122193920.
[09/04/2019 00:07] INFO state parse_guild_members_chunk 774: Processed a chunk for 1000 members in guild ID 135187468122193920.
[09/04/2019 00:07] INFO state parse_guild_members_chunk 774: Processed a chunk for 1000 members in guild ID 135187468122193920.
[09/04/2019 00:07] INFO state parse_guild_members_chunk 774: Processed a chunk for 1000 members in guild ID 135187468122193920.
[09/04/2019 00:07] INFO state parse_guild_members_chunk 774: Processed a chunk for 1000 members in guild ID 135187468122193920.
[09/04/2019 00:07] INFO state parse_guild_members_chunk 774: Processed a chunk for 1000 members in guild ID 135187468122193920.
[09/04/2019 00:07] INFO state parse_guild_members_chunk 774: Processed a chunk for 1000 members in guild ID 135187468122193920.
[09/04/2019 00:07] INFO state parse_guild_members_chunk 774: Processed a chunk for 1000 members in guild ID 135187468122193920.
[09/04/2019 00:07] INFO state parse_guild_members_chunk 774: Processed a chunk for 1000 members in guild ID 135187468122193920.
[09/04/2019 00:07] INFO state parse_guild_members_chunk 774: Processed a chunk for 1000 members in guild ID 135187468122193920.
[09/04/2019 00:07] INFO state parse_guild_members_chunk 774: Processed a chunk for 1000 members in guild ID 135187468122193920.
[09/04/2019 00:07] INFO state parse_guild_members_chunk 774: Processed a chunk for 1000 members in guild ID 135187468122193920.
[09/04/2019 00:07] INFO state parse_guild_members_chunk 774: Processed a chunk for 1000 members in guild ID 135187468122193920.
[09/04/2019 00:07] INFO state parse_guild_members_chunk 774: Processed a chunk for 1000 members in guild ID 135187468122193920.
[09/04/2019 00:07] INFO state parse_guild_members_chunk 774: Processed a chunk for 1000 members in guild ID 135187468122193920.
[09/04/2019 00:07] INFO state parse_guild_members_chunk 774: Processed a chunk for 1000 members in guild ID 135187468122193920.
[09/04/2019 00:07] INFO state parse_guild_members_chunk 774: Processed a chunk for 1000 members in guild ID 135187468122193920.
[09/04/2019 00:07] INFO state parse_guild_members_chunk 774: Processed a chunk for 1000 members in guild ID 135187468122193920.
[09/04/2019 00:07] INFO state parse_guild_members_chunk 774: Processed a chunk for 1000 members in guild ID 135187468122193920.
[09/04/2019 00:07] INFO state parse_guild_members_chunk 774: Processed a chunk for 1000 members in guild ID 135187468122193920.
[09/04/2019 00:07] INFO state parse_guild_members_chunk 774: Processed a chunk for 1000 members in guild ID 135187468122193920.
[09/04/2019 00:07] INFO state parse_guild_members_chunk 774: Processed a chunk for 1000 members in guild ID 135187468122193920.
[09/04/2019 00:07] INFO state parse_guild_members_chunk 774: Processed a chunk for 1000 members in guild ID 135187468122193920.
[09/04/2019 00:07] INFO state parse_guild_members_chunk 774: Processed a chunk for 1000 members in guild ID 135187468122193920.
[09/04/2019 00:07] INFO state parse_guild_members_chunk 774: Processed a chunk for 1000 members in guild ID 135187468122193920.
[09/04/2019 00:07] INFO state parse_guild_members_chunk 774: Processed a chunk for 1000 members in guild ID 135187468122193920.
[09/04/2019 00:07] INFO state parse_guild_members_chunk 774: Processed a chunk for 1000 members in guild ID 135187468122193920.
[09/04/2019 00:07] INFO state parse_guild_members_chunk 774: Processed a chunk for 1000 members in guild ID 135187468122193920.
[09/04/2019 00:07] INFO state parse_guild_members_chunk 774: Processed a chunk for 1000 members in guild ID 135187468122193920.
[09/04/2019 00:07] INFO state parse_guild_members_chunk 774: Processed a chunk for 1000 members in guild ID 135187468122193920.
[09/04/2019 00:07] INFO state parse_guild_members_chunk 774: Processed a chunk for 1000 members in guild ID 135187468122193920.
[09/04/2019 00:07] INFO state parse_guild_members_chunk 774: Processed a chunk for 1000 members in guild ID 135187468122193920.
[09/04/2019 00:07] INFO state parse_guild_members_chunk 774: Processed a chunk for 1000 members in guild ID 135187468122193920.
[09/04/2019 00:07] INFO state parse_guild_members_chunk 774: Processed a chunk for 1000 members in guild ID 135187468122193920.
[09/04/2019 00:07] INFO state parse_guild_members_chunk 774: Processed a chunk for 1000 members in guild ID 135187468122193920.
[09/04/2019 00:07] INFO state parse_guild_members_chunk 774: Processed a chunk for 1000 members in guild ID 135187468122193920.
[09/04/2019 00:07] INFO state parse_guild_members_chunk 774: Processed a chunk for 1000 members in guild ID 135187468122193920.
[09/04/2019 00:07] INFO state parse_guild_members_chunk 774: Processed a chunk for 1000 members in guild ID 135187468122193920.
[09/04/2019 00:07] INFO state parse_guild_members_chunk 774: Processed a chunk for 1000 members in guild ID 135187468122193920.
[09/04/2019 00:07] INFO state parse_guild_members_chunk 774: Processed a chunk for 1000 members in guild ID 135187468122193920.
[09/04/2019 00:07] INFO state parse_guild_members_chunk 774: Processed a chunk for 1000 members in guild ID 135187468122193920.
[09/04/2019 00:07] INFO state parse_guild_members_chunk 774: Processed a chunk for 1000 members in guild ID 135187468122193920.
[09/04/2019 00:07] INFO state parse_guild_members_chunk 774: Processed a chunk for 1000 members in guild ID 135187468122193920.
[09/04/2019 00:07] INFO state parse_guild_members_chunk 774: Processed a chunk for 1000 members in guild ID 135187468122193920.
[09/04/2019 00:07] INFO state parse_guild_members_chunk 774: Processed a chunk for 1000 members in guild ID 135187468122193920.
[09/04/2019 00:07] INFO state parse_guild_members_chunk 774: Processed a chunk for 1000 members in guild ID 135187468122193920.
[09/04/2019 00:07] INFO state parse_guild_members_chunk 774: Processed a chunk for 1000 members in guild ID 135187468122193920.
[09/04/2019 00:07] INFO state parse_guild_members_chunk 774: Processed a chunk for 1000 members in guild ID 135187468122193920.
[09/04/2019 00:07] INFO state parse_guild_members_chunk 774: Processed a chunk for 1000 members in guild ID 135187468122193920.
[09/04/2019 00:07] INFO state parse_guild_members_chunk 774: Processed a chunk for 1000 members in guild ID 135187468122193920.
[09/04/2019 00:07] INFO state parse_guild_members_chunk 774: Processed a chunk for 1000 members in guild ID 135187468122193920.
[09/04/2019 00:07] INFO state parse_guild_members_chunk 774: Processed a chunk for 1000 members in guild ID 135187468122193920.
[09/04/2019 00:07] INFO state parse_guild_members_chunk 774: Processed a chunk for 1000 members in guild ID 135187468122193920.
[09/04/2019 00:07] INFO state parse_guild_members_chunk 774: Processed a chunk for 1000 members in guild ID 135187468122193920.
[09/04/2019 00:07] INFO state parse_guild_members_chunk 774: Processed a chunk for 1000 members in guild ID 135187468122193920.
[09/04/2019 00:07] INFO state parse_guild_members_chunk 774: Processed a chunk for 1000 members in guild ID 135187468122193920.
[09/04/2019 00:07] INFO state parse_guild_members_chunk 774: Processed a chunk for 1000 members in guild ID 135187468122193920.
[09/04/2019 00:07] INFO state parse_guild_members_chunk 774: Processed a chunk for 1000 members in guild ID 135187468122193920.
[09/04/2019 00:07] INFO state parse_guild_members_chunk 774: Processed a chunk for 1000 members in guild ID 135187468122193920.
[09/04/2019 00:07] INFO state parse_guild_members_chunk 774: Processed a chunk for 1000 members in guild ID 135187468122193920.
[09/04/2019 00:07] INFO state parse_guild_members_chunk 774: Processed a chunk for 1000 members in guild ID 135187468122193920.
[09/04/2019 00:07] INFO state parse_guild_members_chunk 774: Processed a chunk for 1000 members in guild ID 135187468122193920.
[09/04/2019 00:07] INFO state parse_guild_members_chunk 774: Processed a chunk for 1000 members in guild ID 135187468122193920.
[09/04/2019 00:07] INFO state parse_guild_members_chunk 774: Processed a chunk for 1000 members in guild ID 135187468122193920.
[09/04/2019 00:07] INFO state parse_guild_members_chunk 774: Processed a chunk for 1000 members in guild ID 135187468122193920.
[09/04/2019 00:07] INFO state parse_guild_members_chunk 774: Processed a chunk for 1000 members in guild ID 135187468122193920.
[09/04/2019 00:07] INFO state parse_guild_members_chunk 774: Processed a chunk for 1000 members in guild ID 135187468122193920.
[09/04/2019 00:07] INFO state parse_guild_members_chunk 774: Processed a chunk for 1000 members in guild ID 135187468122193920.
[09/04/2019 00:07] INFO state parse_guild_members_chunk 774: Processed a chunk for 1000 members in guild ID 135187468122193920.
[09/04/2019 00:07] INFO state parse_guild_members_chunk 774: Processed a chunk for 1000 members in guild ID 135187468122193920.
[09/04/2019 00:07] INFO state parse_guild_members_chunk 774: Processed a chunk for 1000 members in guild ID 135187468122193920.
[09/04/2019 00:07] INFO state parse_guild_members_chunk 774: Processed a chunk for 1000 members in guild ID 135187468122193920.
[09/04/2019 00:07] INFO state parse_guild_members_chunk 774: Processed a chunk for 353 members in guild ID 135187468122193920.
[09/04/2019 00:07] INFO state parse_guild_members_chunk 774: Processed a chunk for 1000 members in guild ID 200445132191825920.
[09/04/2019 00:07] INFO state parse_guild_members_chunk 774: Processed a chunk for 1000 members in guild ID 200445132191825920.
[09/04/2019 00:07] INFO state parse_guild_members_chunk 774: Processed a chunk for 1000 members in guild ID 200445132191825920.
[09/04/2019 00:07] INFO state parse_guild_members_chunk 774: Processed a chunk for 980 members in guild ID 200445132191825920.
[09/04/2019 00:07] INFO state parse_guild_members_chunk 774: Processed a chunk for 1000 members in guild ID 268335240232173568.
[09/04/2019 00:07] INFO state parse_guild_members_chunk 774: Processed a chunk for 1000 members in guild ID 268335240232173568.
[09/04/2019 00:07] INFO state parse_guild_members_chunk 774: Processed a chunk for 1000 members in guild ID 268335240232173568.
[09/04/2019 00:07] INFO state parse_guild_members_chunk 774: Processed a chunk for 1000 members in guild ID 268335240232173568.
[09/04/2019 00:07] INFO state parse_guild_members_chunk 774: Processed a chunk for 384 members in guild ID 268335240232173568.
[09/04/2019 00:07] INFO state parse_guild_members_chunk 774: Processed a chunk for 1000 members in guild ID 279225898945871885.
[09/04/2019 00:07] INFO state parse_guild_members_chunk 774: Processed a chunk for 332 members in guild ID 279225898945871885.
[09/04/2019 00:07] INFO state parse_guild_members_chunk 774: Processed a chunk for 1000 members in guild ID 305880135372898314.
[09/04/2019 00:07] INFO state parse_guild_members_chunk 774: Processed a chunk for 1000 members in guild ID 305880135372898314.
[09/04/2019 00:07] INFO state parse_guild_members_chunk 774: Processed a chunk for 1000 members in guild ID 305880135372898314.
[09/04/2019 00:07] INFO state parse_guild_members_chunk 774: Processed a chunk for 1000 members in guild ID 305880135372898314.
[09/04/2019 00:07] INFO state parse_guild_members_chunk 774: Processed a chunk for 1000 members in guild ID 305880135372898314.
[09/04/2019 00:07] INFO state parse_guild_members_chunk 774: Processed a chunk for 1000 members in guild ID 305880135372898314.
[09/04/2019 00:07] INFO state parse_guild_members_chunk 774: Processed a chunk for 1000 members in guild ID 305880135372898314.
[09/04/2019 00:07] INFO state parse_guild_members_chunk 774: Processed a chunk for 1000 members in guild ID 305880135372898314.
[09/04/2019 00:07] INFO state parse_guild_members_chunk 774: Processed a chunk for 1000 members in guild ID 305880135372898314.
[09/04/2019 00:07] INFO state parse_guild_members_chunk 774: Processed a chunk for 1000 members in guild ID 305880135372898314.
[09/04/2019 00:07] INFO state parse_guild_members_chunk 774: Processed a chunk for 1000 members in guild ID 305880135372898314.
[09/04/2019 00:07] INFO state parse_guild_members_chunk 774: Processed a chunk for 1000 members in guild ID 305880135372898314.
[09/04/2019 00:07] INFO state parse_guild_members_chunk 774: Processed a chunk for 1000 members in guild ID 305880135372898314.
[09/04/2019 00:07] INFO state parse_guild_members_chunk 774: Processed a chunk for 1000 members in guild ID 305880135372898314.
[09/04/2019 00:07] INFO state parse_guild_members_chunk 774: Processed a chunk for 1000 members in guild ID 305880135372898314.
[09/04/2019 00:07] INFO state parse_guild_members_chunk 774: Processed a chunk for 1000 members in guild ID 305880135372898314.
[09/04/2019 00:07] INFO state parse_guild_members_chunk 774: Processed a chunk for 1000 members in guild ID 305880135372898314.
[09/04/2019 00:07] INFO state parse_guild_members_chunk 774: Processed a chunk for 1000 members in guild ID 305880135372898314.
[09/04/2019 00:07] INFO state parse_guild_members_chunk 774: Processed a chunk for 1000 members in guild ID 305880135372898314.
[09/04/2019 00:07] INFO state parse_guild_members_chunk 774: Processed a chunk for 1000 members in guild ID 305880135372898314.
[09/04/2019 00:07] INFO state parse_guild_members_chunk 774: Processed a chunk for 1000 members in guild ID 305880135372898314.
[09/04/2019 00:07] INFO state parse_guild_members_chunk 774: Processed a chunk for 1000 members in guild ID 305880135372898314.
[09/04/2019 00:07] INFO state parse_guild_members_chunk 774: Processed a chunk for 1000 members in guild ID 305880135372898314.
[09/04/2019 00:07] INFO state parse_guild_members_chunk 774: Processed a chunk for 1000 members in guild ID 305880135372898314.
[09/04/2019 00:07] INFO state parse_guild_members_chunk 774: Processed a chunk for 1000 members in guild ID 305880135372898314.
[09/04/2019 00:07] INFO state parse_guild_members_chunk 774: Processed a chunk for 1000 members in guild ID 305880135372898314.
[09/04/2019 00:07] INFO state parse_guild_members_chunk 774: Processed a chunk for 1000 members in guild ID 305880135372898314.
[09/04/2019 00:07] INFO state parse_guild_members_chunk 774: Processed a chunk for 1000 members in guild ID 305880135372898314.
[09/04/2019 00:07] INFO state parse_guild_members_chunk 774: Processed a chunk for 1000 members in guild ID 305880135372898314.
[09/04/2019 00:07] INFO state parse_guild_members_chunk 774: Processed a chunk for 1000 members in guild ID 305880135372898314.
[09/04/2019 00:07] INFO state parse_guild_members_chunk 774: Processed a chunk for 1000 members in guild ID 305880135372898314.
[09/04/2019 00:07] INFO state parse_guild_members_chunk 774: Processed a chunk for 1000 members in guild ID 305880135372898314.
[09/04/2019 00:07] INFO state parse_guild_members_chunk 774: Processed a chunk for 1000 members in guild ID 305880135372898314.
[09/04/2019 00:07] INFO state parse_guild_members_chunk 774: Processed a chunk for 1000 members in guild ID 305880135372898314.
[09/04/2019 00:07] INFO state parse_guild_members_chunk 774: Processed a chunk for 1000 members in guild ID 305880135372898314.
[09/04/2019 00:07] INFO state parse_guild_members_chunk 774: Processed a chunk for 1000 members in guild ID 305880135372898314.
[09/04/2019 00:07] INFO state parse_guild_members_chunk 774: Processed a chunk for 1000 members in guild ID 305880135372898314.
[09/04/2019 00:07] INFO state parse_guild_members_chunk 774: Processed a chunk for 1000 members in guild ID 305880135372898314.
[09/04/2019 00:07] INFO state parse_guild_members_chunk 774: Processed a chunk for 1000 members in guild ID 305880135372898314.
[09/04/2019 00:07] INFO state parse_guild_members_chunk 774: Processed a chunk for 1000 members in guild ID 305880135372898314.
[09/04/2019 00:07] INFO state parse_guild_members_chunk 774: Processed a chunk for 1000 members in guild ID 305880135372898314.
[09/04/2019 00:07] INFO state parse_guild_members_chunk 774: Processed a chunk for 1000 members in guild ID 305880135372898314.
[09/04/2019 00:07] INFO state parse_guild_members_chunk 774: Processed a chunk for 1000 members in guild ID 305880135372898314.
[09/04/2019 00:07] INFO state parse_guild_members_chunk 774: Processed a chunk for 1000 members in guild ID 305880135372898314.
[09/04/2019 00:07] INFO state parse_guild_members_chunk 774: Processed a chunk for 1000 members in guild ID 305880135372898314.
[09/04/2019 00:07] INFO state parse_guild_members_chunk 774: Processed a chunk for 1000 members in guild ID 305880135372898314.
[09/04/2019 00:07] INFO state parse_guild_members_chunk 774: Processed a chunk for 1000 members in guild ID 305880135372898314.
[09/04/2019 00:07] INFO state parse_guild_members_chunk 774: Processed a chunk for 1000 members in guild ID 305880135372898314.
[09/04/2019 00:07] INFO state parse_guild_members_chunk 774: Processed a chunk for 1000 members in guild ID 305880135372898314.
[09/04/2019 00:07] INFO state parse_guild_members_chunk 774: Processed a chunk for 1000 members in guild ID 305880135372898314.
[09/04/2019 00:07] INFO state parse_guild_members_chunk 774: Processed a chunk for 1000 members in guild ID 305880135372898314.
[09/04/2019 00:07] INFO state parse_guild_members_chunk 774: Processed a chunk for 1000 members in guild ID 305880135372898314.
[09/04/2019 00:07] INFO state parse_guild_members_chunk 774: Processed a chunk for 1000 members in guild ID 305880135372898314.
[09/04/2019 00:07] INFO state parse_guild_members_chunk 774: Processed a chunk for 1000 members in guild ID 305880135372898314.
[09/04/2019 00:07] INFO state parse_guild_members_chunk 774: Processed a chunk for 1000 members in guild ID 305880135372898314.
[09/04/2019 00:07] INFO state parse_guild_members_chunk 774: Processed a chunk for 1000 members in guild ID 305880135372898314.
[09/04/2019 00:07] INFO state parse_guild_members_chunk 774: Processed a chunk for 1000 members in guild ID 305880135372898314.
[09/04/2019 00:07] INFO state parse_guild_members_chunk 774: Processed a chunk for 1000 members in guild ID 305880135372898314.
[09/04/2019 00:07] INFO state parse_guild_members_chunk 774: Processed a chunk for 1000 members in guild ID 305880135372898314.
[09/04/2019 00:07] INFO state parse_guild_members_chunk 774: Processed a chunk for 1000 members in guild ID 305880135372898314.
[09/04/2019 00:07] INFO state parse_guild_members_chunk 774: Processed a chunk for 1000 members in guild ID 305880135372898314.
[09/04/2019 00:07] INFO state parse_guild_members_chunk 774: Processed a chunk for 1000 members in guild ID 305880135372898314.
[09/04/2019 00:07] INFO state parse_guild_members_chunk 774: Processed a chunk for 1000 members in guild ID 305880135372898314.
[09/04/2019 00:07] INFO state parse_guild_members_chunk 774: Processed a chunk for 1000 members in guild ID 305880135372898314.
[09/04/2019 00:07] INFO state parse_guild_members_chunk 774: Processed a chunk for 1000 members in guild ID 305880135372898314.
[09/04/2019 00:07] INFO state parse_guild_members_chunk 774: Processed a chunk for 1000 members in guild ID 305880135372898314.
[09/04/2019 00:07] INFO state parse_guild_members_chunk 774: Processed a chunk for 1000 members in guild ID 305880135372898314.
[09/04/2019 00:07] INFO state parse_guild_members_chunk 774: Processed a chunk for 1000 members in guild ID 305880135372898314.
[09/04/2019 00:07] INFO state parse_guild_members_chunk 774: Processed a chunk for 1000 members in guild ID 305880135372898314.
[09/04/2019 00:07] INFO state parse_guild_members_chunk 774: Processed a chunk for 1000 members in guild ID 305880135372898314.
[09/04/2019 00:07] INFO state parse_guild_members_chunk 774: Processed a chunk for 1000 members in guild ID 305880135372898314.
[09/04/2019 00:07] INFO state parse_guild_members_chunk 774: Processed a chunk for 1000 members in guild ID 305880135372898314.
[09/04/2019 00:07] INFO state parse_guild_members_chunk 774: Processed a chunk for 1000 members in guild ID 305880135372898314.
[09/04/2019 00:07] INFO state parse_guild_members_chunk 774: Processed a chunk for 1000 members in guild ID 305880135372898314.
[09/04/2019 00:07] INFO state parse_guild_members_chunk 774: Processed a chunk for 1000 members in guild ID 305880135372898314.
[09/04/2019 00:07] INFO state parse_guild_members_chunk 774: Processed a chunk for 1000 members in guild ID 305880135372898314.
[09/04/2019 00:07] INFO state parse_guild_members_chunk 774: Processed a chunk for 1000 members in guild ID 305880135372898314.
[09/04/2019 00:07] INFO state parse_guild_members_chunk 774: Processed a chunk for 1000 members in guild ID 305880135372898314.
[09/04/2019 00:07] INFO state parse_guild_members_chunk 774: Processed a chunk for 1000 members in guild ID 305880135372898314.
[09/04/2019 00:07] INFO state parse_guild_members_chunk 774: Processed a chunk for 1000 members in guild ID 305880135372898314.
[09/04/2019 00:07] INFO state parse_guild_members_chunk 774: Processed a chunk for 1000 members in guild ID 305880135372898314.
[09/04/2019 00:07] INFO state parse_guild_members_chunk 774: Processed a chunk for 1000 members in guild ID 305880135372898314.
[09/04/2019 00:07] INFO state parse_guild_members_chunk 774: Processed a chunk for 1000 members in guild ID 305880135372898314.
[09/04/2019 00:07] INFO state parse_guild_members_chunk 774: Processed a chunk for 1000 members in guild ID 305880135372898314.
[09/04/2019 00:07] INFO state parse_guild_members_chunk 774: Processed a chunk for 1000 members in guild ID 305880135372898314.
[09/04/2019 00:07] INFO state parse_guild_members_chunk 774: Processed a chunk for 1000 members in guild ID 305880135372898314.
[09/04/2019 00:07] INFO state parse_guild_members_chunk 774: Processed a chunk for 1000 members in guild ID 305880135372898314.
[09/04/2019 00:07] INFO state parse_guild_members_chunk 774: Processed a chunk for 1000 members in guild ID 305880135372898314.
[09/04/2019 00:07] INFO state parse_guild_members_chunk 774: Processed a chunk for 1000 members in guild ID 305880135372898314.
[09/04/2019 00:07] INFO state parse_guild_members_chunk 774: Processed a chunk for 1000 members in guild ID 305880135372898314.
[09/04/2019 00:07] INFO state parse_guild_members_chunk 774: Processed a chunk for 1000 members in guild ID 305880135372898314.
[09/04/2019 00:07] INFO state parse_guild_members_chunk 774: Processed a chunk for 1000 members in guild ID 305880135372898314.
[09/04/2019 00:07] INFO state parse_guild_members_chunk 774: Processed a chunk for 1000 members in guild ID 305880135372898314.
[09/04/2019 00:07] INFO state parse_guild_members_chunk 774: Processed a chunk for 1000 members in guild ID 305880135372898314.
[09/04/2019 00:07] INFO state parse_guild_members_chunk 774: Processed a chunk for 1000 members in guild ID 305880135372898314.
[09/04/2019 00:07] INFO state parse_guild_members_chunk 774: Processed a chunk for 1000 members in guild ID 305880135372898314.
[09/04/2019 00:07] INFO state parse_guild_members_chunk 774: Processed a chunk for 1000 members in guild ID 305880135372898314.
[09/04/2019 00:07] INFO state parse_guild_members_chunk 774: Processed a chunk for 1000 members in guild ID 305880135372898314.
[09/04/2019 00:07] INFO state parse_guild_members_chunk 774: Processed a chunk for 1000 members in guild ID 305880135372898314.
[09/04/2019 00:07] INFO state parse_guild_members_chunk 774: Processed a chunk for 1000 members in guild ID 305880135372898314.
[09/04/2019 00:07] INFO state parse_guild_members_chunk 774: Processed a chunk for 1000 members in guild ID 305880135372898314.
[09/04/2019 00:07] INFO state parse_guild_members_chunk 774: Processed a chunk for 1000 members in guild ID 305880135372898314.
[09/04/2019 00:07] INFO state parse_guild_members_chunk 774: Processed a chunk for 1000 members in guild ID 305880135372898314.
[09/04/2019 00:07] INFO state parse_guild_members_chunk 774: Processed a chunk for 1000 members in guild ID 305880135372898314.
[09/04/2019 00:07] INFO state parse_guild_members_chunk 774: Processed a chunk for 1000 members in guild ID 305880135372898314.
[09/04/2019 00:07] INFO state parse_guild_members_chunk 774: Processed a chunk for 1000 members in guild ID 305880135372898314.
[09/04/2019 00:07] INFO state parse_guild_members_chunk 774: Processed a chunk for 1000 members in guild ID 305880135372898314.
[09/04/2019 00:07] INFO state parse_guild_members_chunk 774: Processed a chunk for 1000 members in guild ID 305880135372898314.
[09/04/2019 00:07] INFO state parse_guild_members_chunk 774: Processed a chunk for 1000 members in guild ID 305880135372898314.
[09/04/2019 00:07] INFO state parse_guild_members_chunk 774: Processed a chunk for 1000 members in guild ID 305880135372898314.
[09/04/2019 00:07] INFO state parse_guild_members_chunk 774: Processed a chunk for 1000 members in guild ID 305880135372898314.
[09/04/2019 00:07] INFO state parse_guild_members_chunk 774: Processed a chunk for 1000 members in guild ID 305880135372898314.
[09/04/2019 00:07] INFO state parse_guild_members_chunk 774: Processed a chunk for 1000 members in guild ID 305880135372898314.
[09/04/2019 00:07] INFO state parse_guild_members_chunk 774: Processed a chunk for 1000 members in guild ID 305880135372898314.
[09/04/2019 00:07] INFO state parse_guild_members_chunk 774: Processed a chunk for 1000 members in guild ID 305880135372898314.
[09/04/2019 00:07] INFO state parse_guild_members_chunk 774: Processed a chunk for 1000 members in guild ID 305880135372898314.
[09/04/2019 00:07] INFO state parse_guild_members_chunk 774: Processed a chunk for 1000 members in guild ID 305880135372898314.
[09/04/2019 00:07] INFO state parse_guild_members_chunk 774: Processed a chunk for 1000 members in guild ID 305880135372898314.
[09/04/2019 00:07] INFO state parse_guild_members_chunk 774: Processed a chunk for 1000 members in guild ID 305880135372898314.
[09/04/2019 00:07] INFO state parse_guild_members_chunk 774: Processed a chunk for 1000 members in guild ID 305880135372898314.
[09/04/2019 00:07] INFO state parse_guild_members_chunk 774: Processed a chunk for 1000 members in guild ID 305880135372898314.
[09/04/2019 00:07] INFO state parse_guild_members_chunk 774: Processed a chunk for 1000 members in guild ID 305880135372898314.
[09/04/2019 00:07] INFO state parse_guild_members_chunk 774: Processed a chunk for 1000 members in guild ID 305880135372898314.
[09/04/2019 00:07] INFO state parse_guild_members_chunk 774: Processed a chunk for 1000 members in guild ID 305880135372898314.
[09/04/2019 00:07] INFO state parse_guild_members_chunk 774: Processed a chunk for 1000 members in guild ID 305880135372898314.
[09/04/2019 00:07] INFO state parse_guild_members_chunk 774: Processed a chunk for 1000 members in guild ID 305880135372898314.
[09/04/2019 00:07] INFO state parse_guild_members_chunk 774: Processed a chunk for 1000 members in guild ID 305880135372898314.
[09/04/2019 00:07] INFO state parse_guild_members_chunk 774: Processed a chunk for 1000 members in guild ID 305880135372898314.
[09/04/2019 00:07] INFO state parse_guild_members_chunk 774: Processed a chunk for 1000 members in guild ID 305880135372898314.
[09/04/2019 00:07] INFO state parse_guild_members_chunk 774: Processed a chunk for 1000 members in guild ID 305880135372898314.
[09/04/2019 00:07] INFO state parse_guild_members_chunk 774: Processed a chunk for 1000 members in guild ID 305880135372898314.
[09/04/2019 00:07] INFO state parse_guild_members_chunk 774: Processed a chunk for 1000 members in guild ID 305880135372898314.
[09/04/2019 00:07] INFO state parse_guild_members_chunk 774: Processed a chunk for 1000 members in guild ID 305880135372898314.
[09/04/2019 00:07] INFO state parse_guild_members_chunk 774: Processed a chunk for 1000 members in guild ID 305880135372898314.
[09/04/2019 00:07] INFO state parse_guild_members_chunk 774: Processed a chunk for 1000 members in guild ID 305880135372898314.
[09/04/2019 00:07] INFO state parse_guild_members_chunk 774: Processed a chunk for 1000 members in guild ID 305880135372898314.
[09/04/2019 00:07] INFO state parse_guild_members_chunk 774: Processed a chunk for 1000 members in guild ID 305880135372898314.
[09/04/2019 00:07] INFO state parse_guild_members_chunk 774: Processed a chunk for 1000 members in guild ID 305880135372898314.
